info: May-31-2023 18:24:50: 	205 || Logout successful  
info: May-31-2023 19:21:45: 	Server Sent A file!
info: Jun-01-2023 21:50:36: 	205 || Logout successful  
info: Jun-01-2023 21:54:16: 	205 || Logout successful  
info: Aug-23-2023 10:15:20: 	Server Sent A file!
info: Sep-01-2023 12:11:00: 	Server Sent A file!
info: Sep-01-2023 12:19:21: 	Server Sent A file!
info: Sep-01-2023 12:43:31: 	Server Sent A file!
info: Sep-01-2023 12:43:33: 	Server Sent A file!
info: Sep-01-2023 14:51:34: 	Server Sent A file!
info: Sep-01-2023 14:52:22: 	Server Sent A file!
info: Sep-04-2023 14:59:45: 	Server Sent A file!
info: Sep-04-2023 15:14:50: 	Server Sent A file!
info: Sep-05-2023 11:55:44: 	Server Sent A file!
info: Sep-05-2023 12:11:58: 	205 || Logout successful  
info: Sep-05-2023 14:09:14: 	Server Sent A file!
info: Mar-05-2024 16:42:48: 	Server Sent A file!
info: Mar-05-2024 16:46:54: 	Server Sent A file!
info: Mar-05-2024 16:46:54: 	Server Sent A file!
info: Mar-12-2024 17:40:14: 	Server Sent A file!
info: Mar-14-2024 15:58:58: 	Server Sent A file!
info: Mar-16-2024 18:49:41: 	Server Sent A file!
info: Mar-20-2024 15:09:43: 	205 || Logout successful  
info: Mar-20-2024 16:09:44: 	205 || Logout successful  
info: Mar-20-2024 17:09:44: 	205 || Logout successful  
info: Mar-25-2024 17:20:12: 	205 || Logout successful  
info: Mar-25-2024 17:23:22: 	205 || Logout successful  
info: Apr-03-2024 16:05:22: 	205 || Logout successful  
info: Apr-04-2024 17:17:55: 	205 || Logout successful  
info: Apr-04-2024 20:31:03: 	205 || Logout successful  
info: Apr-04-2024 20:31:47: 	205 || Logout successful  
info: Apr-04-2024 20:34:09: 	205 || Logout successful  
info: Apr-04-2024 20:39:30: 	205 || Logout successful  
info: Apr-04-2024 20:42:39: 	205 || Logout successful  
info: Apr-16-2024 17:49:12: 	205 || Logout successful  
